<?xml version="1.0" encoding="UTF-8"?>
<!-- Generated by org.testng.reporters.JUnitReportReporter -->
<testsuite hostname="DESKTOP-G7MIJP1" failures="0" tests="1" name="com.peoplegrow.qa.testcases.HomePageTest" time="36.868" errors="0" timestamp="2023-09-10T11:19:08 IST" skipped="0">
  <testcase classname="com.peoplegrow.qa.testcases.HomePageTest" name="verifyclickonCareerLinkTest" time="36.868"/>
  <system-out/>
</testsuite> <!-- com.peoplegrow.qa.testcases.HomePageTest -->
