<?xml version="1.0" encoding="UTF-8"?>
<!-- Generated by org.testng.reporters.JUnitReportReporter -->
<testsuite hostname="DESKTOP-G7MIJP1" failures="0" tests="1" name="com.peoplegrow.qa.testcases.LegalConsultantPageTest" time="20.216" errors="0" timestamp="2023-09-09T15:01:39 IST" skipped="0">
  <testcase classname="com.peoplegrow.qa.testcases.LegalConsultantPageTest" name="verifyclickonLegalConsultantLinkTest" time="20.216"/>
  <system-out/>
</testsuite> <!-- com.peoplegrow.qa.testcases.LegalConsultantPageTest -->
