<?xml version="1.0" encoding="UTF-8"?>
<!-- Generated by org.testng.reporters.JUnitReportReporter -->
<testsuite hostname="DESKTOP-G7MIJP1" failures="0" tests="1" name="com.peoplegrow.qa.testcases.SignInButtonLinkTest" time="18.509" errors="0" timestamp="2023-09-10T11:19:08 IST" skipped="0">
  <testcase classname="com.peoplegrow.qa.testcases.SignInButtonLinkTest" name="signInButtonLinkTest" time="18.509"/>
  <system-out/>
</testsuite> <!-- com.peoplegrow.qa.testcases.SignInButtonLinkTest -->
