<?xml version="1.0" encoding="UTF-8"?>
<!-- Generated by org.testng.reporters.JUnitReportReporter -->
<testsuite hostname="DESKTOP-G7MIJP1" failures="0" tests="2" name="com.peoplegrow.qa.testcases.LoginPageTest" time="38.863" errors="0" timestamp="2023-09-10T11:19:08 IST" skipped="0">
  <testcase classname="com.peoplegrow.qa.testcases.LoginPageTest" name="LoginTest" time="15.702"/>
  <system-out/>
  <testcase classname="com.peoplegrow.qa.testcases.LoginPageTest" name="LoginPageTitle" time="23.161"/>
  <system-out/>
</testsuite> <!-- com.peoplegrow.qa.testcases.LoginPageTest -->
